<?xml version="1.0" encoding="UTF-8"?>
<testng-results ignored="0" total="3" passed="3" failed="0" skipped="0">
  <reporter-output>
  </reporter-output>
  <suite started-at="2023-09-27T15:35:26 IST" name="Default suite" finished-at="2023-09-27T15:35:34 IST" duration-ms="8245">
    <groups>
    </groups>
    <test started-at="2023-09-27T15:35:26 IST" name="Default test" finished-at="2023-09-27T15:35:34 IST" duration-ms="8245">
      <class name="Testng.Screenshot_Example">
        <test-method is-config="true" signature="launchBrowser()[pri:0, instance:Testng.Screenshot_Example@38425407]" started-at="2023-09-27T15:35:22 IST" name="launchBrowser" finished-at="2023-09-27T15:35:26 IST" duration-ms="4473" status="PASS">
          <reporter-output>
          </reporter-output>
        </test-method> <!-- launchBrowser -->
        <test-method is-config="true" signature="maximizeBriwser()[pri:0, instance:Testng.Screenshot_Example@38425407]" started-at="2023-09-27T15:35:26 IST" name="maximizeBriwser" finished-at="2023-09-27T15:35:26 IST" duration-ms="353" status="PASS">
          <reporter-output>
          </reporter-output>
        </test-method> <!-- maximizeBriwser -->
        <test-method is-config="true" signature="launchURL()[pri:0, instance:Testng.Screenshot_Example@38425407]" started-at="2023-09-27T15:35:26 IST" name="launchURL" finished-at="2023-09-27T15:35:32 IST" duration-ms="5782" status="PASS">
          <reporter-output>
          </reporter-output>
        </test-method> <!-- launchURL -->
        <test-method is-config="true" signature="wait1()[pri:0, instance:Testng.Screenshot_Example@38425407]" started-at="2023-09-27T15:35:32 IST" name="wait1" finished-at="2023-09-27T15:35:32 IST" duration-ms="16" status="PASS">
          <reporter-output>
          </reporter-output>
        </test-method> <!-- wait1 -->
        <test-method signature="enterUsername()[pri:1, instance:Testng.Screenshot_Example@38425407]" started-at="2023-09-27T15:35:32 IST" name="enterUsername" finished-at="2023-09-27T15:35:34 IST" duration-ms="1336" status="PASS">
          <reporter-output>
          </reporter-output>
        </test-method> <!-- enterUsername -->
        <test-method is-config="true" signature="wait2()[pri:0, instance:Testng.Screenshot_Example@38425407]" started-at="2023-09-27T15:35:34 IST" name="wait2" finished-at="2023-09-27T15:35:34 IST" duration-ms="0" status="PASS">
          <reporter-output>
          </reporter-output>
        </test-method> <!-- wait2 -->
        <test-method signature="enterPassword()[pri:2, instance:Testng.Screenshot_Example@38425407]" started-at="2023-09-27T15:35:34 IST" name="enterPassword" finished-at="2023-09-27T15:35:34 IST" duration-ms="498" status="PASS">
          <reporter-output>
          </reporter-output>
        </test-method> <!-- enterPassword -->
        <test-method is-config="true" signature="wait1()[pri:0, instance:Testng.Screenshot_Example@38425407]" started-at="2023-09-27T15:35:34 IST" name="wait1" finished-at="2023-09-27T15:35:34 IST" duration-ms="0" status="PASS">
          <reporter-output>
          </reporter-output>
        </test-method> <!-- wait1 -->
        <test-method is-config="true" signature="wait2()[pri:0, instance:Testng.Screenshot_Example@38425407]" started-at="2023-09-27T15:35:34 IST" name="wait2" finished-at="2023-09-27T15:35:34 IST" duration-ms="9" status="PASS">
          <reporter-output>
          </reporter-output>
        </test-method> <!-- wait2 -->
        <test-method signature="clickLogin()[pri:3, instance:Testng.Screenshot_Example@38425407]" started-at="2023-09-27T15:35:34 IST" name="clickLogin" finished-at="2023-09-27T15:35:34 IST" duration-ms="155" status="PASS">
          <reporter-output>
          </reporter-output>
        </test-method> <!-- clickLogin -->
        <test-method is-config="true" signature="wait1()[pri:0, instance:Testng.Screenshot_Example@38425407]" started-at="2023-09-27T15:35:34 IST" name="wait1" finished-at="2023-09-27T15:35:34 IST" duration-ms="0" status="PASS">
          <reporter-output>
          </reporter-output>
        </test-method> <!-- wait1 -->
        <test-method is-config="true" signature="wait2()[pri:0, instance:Testng.Screenshot_Example@38425407]" started-at="2023-09-27T15:35:34 IST" name="wait2" finished-at="2023-09-27T15:35:34 IST" duration-ms="11" status="PASS">
          <reporter-output>
          </reporter-output>
        </test-method> <!-- wait2 -->
        <test-method is-config="true" signature="closeBrowser()[pri:0, instance:Testng.Screenshot_Example@38425407]" started-at="2023-09-27T15:35:34 IST" name="closeBrowser" finished-at="2023-09-27T15:35:36 IST" duration-ms="1790" status="PASS">
          <reporter-output>
          </reporter-output>
        </test-method> <!-- closeBrowser -->
      </class> <!-- Testng.Screenshot_Example -->
    </test> <!-- Default test -->
  </suite> <!-- Default suite -->
</testng-results>
