<?xml version="1.0" encoding="UTF-8"?>
<!-- Generated by org.testng.reporters.JUnitXMLReporter -->
<testsuite ignored="0" hostname="DESKTOP-KCAONTL" failures="0" tests="3" name="Default test" time="8.245" errors="0" timestamp="2023-09-27T15:35:34 IST">
  <testcase classname="Testng.Screenshot_Example" name="enterUsername" time="1.336"/>
  <testcase classname="Testng.Screenshot_Example" name="enterPassword" time="0.498"/>
  <testcase classname="Testng.Screenshot_Example" name="clickLogin" time="0.155"/>
</testsuite> <!-- Default test -->
